Requirement already satisfied: cassandra-driver==3.25.0 in /workspace/.pip-modules/lib/python3.8/site-packages (from -r requirements.txt (line 1)) (3.25.0)
Requirement already satisfied: fastapi==0.73.0 in /workspace/.pip-modules/lib/python3.8/site-packages (from -r requirements.txt (line 2)) (0.73.0)
Requirement already satisfied: keras==2.6.0 in /workspace/.pip-modules/lib/python3.8/site-packages (from -r requirements.txt (line 3)) (2.6.0)
Requirement already satisfied: pandas>=1.3.5 in /workspace/.pip-modules/lib/python3.8/site-packages (from -r requirements.txt (line 4)) (1.4.1)
Requirement already satisfied: python-dotenv==0.19.2 in /workspace/.pip-modules/lib/python3.8/site-packages (from -r requirements.txt (line 5)) (0.19.2)
Requirement already satisfied: tensorflow==2.6.0 in /workspace/.pip-modules/lib/python3.8/site-packages (from -r requirements.txt (line 6)) (2.6.0)
Requirement already satisfied: scikit-learn==1.0.2 in /workspace/.pip-modules/lib/python3.8/site-packages (from -r requirements.txt (line 7)) (1.0.2)
Requirement already satisfied: uvicorn==0.17.4 in /workspace/.pip-modules/lib/python3.8/site-packages (from -r requirements.txt (line 8)) (0.17.4)
Requirement already satisfied: six>=1.9 in /usr/lib/python3/dist-packages (from cassandra-driver==3.25.0->-r requirements.txt (line 1)) (1.14.0)
Requirement already satisfied: geomet<0.3,>=0.1 in /workspace/.pip-modules/lib/python3.8/site-packages (from cassandra-driver==3.25.0->-r requirements.txt (line 1)) (0.2.1.post1)
Requirement already satisfied: starlette==0.17.1 in /workspace/.pip-modules/lib/python3.8/site-packages (from fastapi==0.73.0->-r requirements.txt (line 2)) (0.17.1)
Requirement already satisfied: pydantic!=1.7,!=1.7.1,!=1.7.2,!=1.7.3,!=1.8,!=1.8.1,<2.0.0,>=1.6.2 in /workspace/.pip-modules/lib/python3.8/site-packages (from fastapi==0.73.0->-r requirements.txt (line 2)) (1.9.0)
Requirement already satisfied: numpy>=1.18.5; platform_machine != "aarch64" and platform_machine != "arm64" and python_version < "3.10" in /workspace/.pip-modules/lib/python3.8/site-packages (from pandas>=1.3.5->-r requirements.txt (line 4)) (1.22.2)
Requirement already satisfied: pytz>=2020.1 in /workspace/.pip-modules/lib/python3.8/site-packages (from pandas>=1.3.5->-r requirements.txt (line 4)) (2021.3)
Requirement already satisfied: python-dateutil>=2.8.1 in /workspace/.pip-modules/lib/python3.8/site-packages (from pandas>=1.3.5->-r requirements.txt (line 4)) (2.8.2)
Requirement already satisfied: gast==0.4.0 in /workspace/.pip-modules/lib/python3.8/site-packages (from tensorflow==2.6.0->-r requirements.txt (line 6)) (0.4.0)
Requirement already satisfied: absl-py~=0.10 in /workspace/.pip-modules/lib/python3.8/site-packages (from tensorflow==2.6.0->-r requirements.txt (line 6)) (0.15.0)
Requirement already satisfied: grpcio<2.0,>=1.37.0 in /workspace/.pip-modules/lib/python3.8/site-packages (from tensorflow==2.6.0->-r requirements.txt (line 6)) (1.44.0)
Requirement already satisfied: opt-einsum~=3.3.0 in /workspace/.pip-modules/lib/python3.8/site-packages (from tensorflow==2.6.0->-r requirements.txt (line 6)) (3.3.0)
Requirement already satisfied: tensorboard~=2.6 in /workspace/.pip-modules/lib/python3.8/site-packages (from tensorflow==2.6.0->-r requirements.txt (line 6)) (2.8.0)
Requirement already satisfied: tensorflow-estimator~=2.6 in /workspace/.pip-modules/lib/python3.8/site-packages (from tensorflow==2.6.0->-r requirements.txt (line 6)) (2.8.0)
Requirement already satisfied: protobuf>=3.9.2 in /workspace/.pip-modules/lib/python3.8/site-packages (from tensorflow==2.6.0->-r requirements.txt (line 6)) (3.19.4)
Requirement already satisfied: h5py~=3.1.0 in /workspace/.pip-modules/lib/python3.8/site-packages (from tensorflow==2.6.0->-r requirements.txt (line 6)) (3.1.0)
Requirement already satisfied: wheel~=0.35 in /workspace/.pip-modules/lib/python3.8/site-packages (from tensorflow==2.6.0->-r requirements.txt (line 6)) (0.37.1)
Requirement already satisfied: wrapt~=1.12.1 in /workspace/.pip-modules/lib/python3.8/site-packages (from tensorflow==2.6.0->-r requirements.txt (line 6)) (1.12.1)
Requirement already satisfied: flatbuffers~=1.12.0 in /workspace/.pip-modules/lib/python3.8/site-packages (from tensorflow==2.6.0->-r requirements.txt (line 6)) (1.12)
Requirement already satisfied: astunparse~=1.6.3 in /workspace/.pip-modules/lib/python3.8/site-packages (from tensorflow==2.6.0->-r requirements.txt (line 6)) (1.6.3)
Requirement already satisfied: keras-preprocessing~=1.1.2 in /workspace/.pip-modules/lib/python3.8/site-packages (from tensorflow==2.6.0->-r requirements.txt (line 6)) (1.1.2)
Requirement already satisfied: typing-extensions~=3.7.4 in /workspace/.pip-modules/lib/python3.8/site-packages (from tensorflow==2.6.0->-r requirements.txt (line 6)) (3.7.4.3)
Requirement already satisfied: clang~=5.0 in /workspace/.pip-modules/lib/python3.8/site-packages (from tensorflow==2.6.0->-r requirements.txt (line 6)) (5.0)
Requirement already satisfied: termcolor~=1.1.0 in /workspace/.pip-modules/lib/python3.8/site-packages (from tensorflow==2.6.0->-r requirements.txt (line 6)) (1.1.0)
Requirement already satisfied: google-pasta~=0.2 in /workspace/.pip-modules/lib/python3.8/site-packages (from tensorflow==2.6.0->-r requirements.txt (line 6)) (0.2.0)
Requirement already satisfied: scipy>=1.1.0 in /workspace/.pip-modules/lib/python3.8/site-packages (from scikit-learn==1.0.2->-r requirements.txt (line 7)) (1.8.0)
Requirement already satisfied: threadpoolctl>=2.0.0 in /workspace/.pip-modules/lib/python3.8/site-packages (from scikit-learn==1.0.2->-r requirements.txt (line 7)) (3.1.0)
Requirement already satisfied: joblib>=0.11 in /workspace/.pip-modules/lib/python3.8/site-packages (from scikit-learn==1.0.2->-r requirements.txt (line 7)) (1.1.0)
Requirement already satisfied: click>=7.0 in /workspace/.pip-modules/lib/python3.8/site-packages (from uvicorn==0.17.4->-r requirements.txt (line 8)) (8.0.4)
Requirement already satisfied: asgiref>=3.4.0 in /workspace/.pip-modules/lib/python3.8/site-packages (from uvicorn==0.17.4->-r requirements.txt (line 8)) (3.5.0)
Requirement already satisfied: h11>=0.8 in /workspace/.pip-modules/lib/python3.8/site-packages (from uvicorn==0.17.4->-r requirements.txt (line 8)) (0.13.0)
Requirement already satisfied: anyio<4,>=3.0.0 in /workspace/.pip-modules/lib/python3.8/site-packages (from starlette==0.17.1->fastapi==0.73.0->-r requirements.txt (line 2)) (3.5.0)
Requirement already satisfied: google-auth<3,>=1.6.3 in /workspace/.pip-modules/lib/python3.8/site-packages (from tensorboard~=2.6->tensorflow==2.6.0->-r requirements.txt (line 6)) (2.6.0)
Requirement already satisfied: google-auth-oauthlib<0.5,>=0.4.1 in /workspace/.pip-modules/lib/python3.8/site-packages (from tensorboard~=2.6->tensorflow==2.6.0->-r requirements.txt (line 6)) (0.4.6)
Requirement already satisfied: markdown>=2.6.8 in /workspace/.pip-modules/lib/python3.8/site-packages (from tensorboard~=2.6->tensorflow==2.6.0->-r requirements.txt (line 6)) (3.3.6)
Requirement already satisfied: tensorboard-data-server<0.7.0,>=0.6.0 in /workspace/.pip-modules/lib/python3.8/site-packages (from tensorboard~=2.6->tensorflow==2.6.0->-r requirements.txt (line 6)) (0.6.1)
Requirement already satisfied: requests<3,>=2.21.0 in /usr/lib/python3/dist-packages (from tensorboard~=2.6->tensorflow==2.6.0->-r requirements.txt (line 6)) (2.22.0)
Requirement already satisfied: setuptools>=41.0.0 in /usr/lib/python3/dist-packages (from tensorboard~=2.6->tensorflow==2.6.0->-r requirements.txt (line 6)) (45.2.0)
Requirement already satisfied: tensorboard-plugin-wit>=1.6.0 in /workspace/.pip-modules/lib/python3.8/site-packages (from tensorboard~=2.6->tensorflow==2.6.0->-r requirements.txt (line 6)) (1.8.1)
Requirement already satisfied: werkzeug>=0.11.15 in /workspace/.pip-modules/lib/python3.8/site-packages (from tensorboard~=2.6->tensorflow==2.6.0->-r requirements.txt (line 6)) (2.0.3)
Requirement already satisfied: sniffio>=1.1 in /workspace/.pip-modules/lib/python3.8/site-packages (from anyio<4,>=3.0.0->starlette==0.17.1->fastapi==0.73.0->-r requirements.txt (line 2)) (1.2.0)
Requirement already satisfied: idna>=2.8 in /usr/lib/python3/dist-packages (from anyio<4,>=3.0.0->starlette==0.17.1->fastapi==0.73.0->-r requirements.txt (line 2)) (2.8)
Requirement already satisfied: cachetools<6.0,>=2.0.0 in /workspace/.pip-modules/lib/python3.8/site-packages (from google-auth<3,>=1.6.3->tensorboard~=2.6->tensorflow==2.6.0->-r requirements.txt (line 6)) (5.0.0)
Requirement already satisfied: pyasn1-modules>=0.2.1 in /workspace/.pip-modules/lib/python3.8/site-packages (from google-auth<3,>=1.6.3->tensorboard~=2.6->tensorflow==2.6.0->-r requirements.txt (line 6)) (0.2.8)
Requirement already satisfied: rsa<5,>=3.1.4; python_version >= "3.6" in /workspace/.pip-modules/lib/python3.8/site-packages (from google-auth<3,>=1.6.3->tensorboard~=2.6->tensorflow==2.6.0->-r requirements.txt (line 6)) (4.8)
Requirement already satisfied: requests-oauthlib>=0.7.0 in /workspace/.pip-modules/lib/python3.8/site-packages (from google-auth-oauthlib<0.5,>=0.4.1->tensorboard~=2.6->tensorflow==2.6.0->-r requirements.txt (line 6)) (1.3.1)
Requirement already satisfied: importlib-metadata>=4.4; python_version < "3.10" in /workspace/.pip-modules/lib/python3.8/site-packages (from markdown>=2.6.8->tensorboard~=2.6->tensorflow==2.6.0->-r requirements.txt (line 6)) (4.11.1)
Requirement already satisfied: pyasn1<0.5.0,>=0.4.6 in /workspace/.pip-modules/lib/python3.8/site-packages (from pyasn1-modules>=0.2.1->google-auth<3,>=1.6.3->tensorboard~=2.6->tensorflow==2.6.0->-r requirements.txt (line 6)) (0.4.8)
Requirement already satisfied: oauthlib>=3.0.0 in /workspace/.pip-modules/lib/python3.8/site-packages (from requests-oauthlib>=0.7.0->google-auth-oauthlib<0.5,>=0.4.1->tensorboard~=2.6->tensorflow==2.6.0->-r requirements.txt (line 6)) (3.2.0)
Requirement already satisfied: zipp>=0.5 in /workspace/.pip-modules/lib/python3.8/site-packages (from importlib-metadata>=4.4; python_version < "3.10"->markdown>=2.6.8->tensorboard~=2.6->tensorflow==2.6.0->-r requirements.txt (line 6)) (3.7.0)
